{"C:\\Users\\Joel\\Desktop\\learn-redux-zoo-bytesting-master\\src\\ducks\\index.js": {"path":"C:\\Users\\Joel\\Desktop\\learn-redux-zoo-bytesting-master\\src\\ducks\\index.js","statementMap":{"0":{"start":{"line":7,"column":20},"end":{"line":7,"column":70}}},"fnMap":{},"branchMap":{},"s":{"0":4},"f":{},"b":{},"_coverageSchema":"43e27e138ebf9cfc5966b082cf9a028302ed4184","hash":"974dfba552e60aa5c512ce12956a2b3286424728"}
,"C:\\Users\\Joel\\Desktop\\learn-redux-zoo-bytesting-master\\src\\ducks\\animals\\index.js": {"path":"C:\\Users\\Joel\\Desktop\\learn-redux-zoo-bytesting-master\\src\\ducks\\animals\\index.js","statementMap":{"0":{"start":{"line":5,"column":2},"end":{"line":49,"column":3}},"1":{"start":{"line":7,"column":6},"end":{"line":31,"column":7}},"2":{"start":{"line":8,"column":8},"end":{"line":8,"column":59}},"3":{"start":{"line":10,"column":11},"end":{"line":31,"column":7}},"4":{"start":{"line":11,"column":8},"end":{"line":11,"column":50}},"5":{"start":{"line":14,"column":8},"end":{"line":23,"column":9}},"6":{"start":{"line":14,"column":20},"end":{"line":14,"column":21}},"7":{"start":{"line":15,"column":10},"end":{"line":22,"column":11}},"8":{"start":{"line":16,"column":12},"end":{"line":20,"column":13}},"9":{"start":{"line":17,"column":29},"end":{"line":17,"column":39}},"10":{"start":{"line":18,"column":14},"end":{"line":18,"column":67}},"11":{"start":{"line":19,"column":14},"end":{"line":19,"column":28}},"12":{"start":{"line":21,"column":12},"end":{"line":21,"column":25}},"13":{"start":{"line":24,"column":8},"end":{"line":30,"column":10}},"14":{"start":{"line":25,"column":36},"end":{"line":25,"column":62}},"15":{"start":{"line":32,"column":6},"end":{"line":32,"column":19}},"16":{"start":{"line":35,"column":6},"end":{"line":37,"column":7}},"17":{"start":{"line":36,"column":8},"end":{"line":36,"column":19}},"18":{"start":{"line":38,"column":6},"end":{"line":38,"column":19}},"19":{"start":{"line":41,"column":21},"end":{"line":41,"column":31}},"20":{"start":{"line":42,"column":6},"end":{"line":47,"column":7}},"21":{"start":{"line":42,"column":18},"end":{"line":42,"column":19}},"22":{"start":{"line":43,"column":8},"end":{"line":46,"column":9}},"23":{"start":{"line":44,"column":12},"end":{"line":44,"column":66}},"24":{"start":{"line":45,"column":12},"end":{"line":45,"column":26}},"25":{"start":{"line":48,"column":6},"end":{"line":48,"column":20}}},"fnMap":{"0":{"name":"reduceAnimals","decl":{"start":{"line":4,"column":9},"end":{"line":4,"column":22}},"loc":{"start":{"line":4,"column":38},"end":{"line":50,"column":1}},"line":4},"1":{"name":"(anonymous_1)","decl":{"start":{"line":25,"column":26},"end":{"line":25,"column":27}},"loc":{"start":{"line":25,"column":36},"end":{"line":25,"column":62}},"line":25}},"branchMap":{"0":{"loc":{"start":{"line":5,"column":2},"end":{"line":49,"column":3}},"type":"switch","locations":[{"start":{"line":6,"column":4},"end":{"line":32,"column":19}},{"start":{"line":34,"column":4},"end":{"line":38,"column":19}},{"start":{"line":40,"column":4},"end":{"line":48,"column":20}}],"line":5},"1":{"loc":{"start":{"line":7,"column":6},"end":{"line":31,"column":7}},"type":"if","locations":[{"start":{"line":7,"column":6},"end":{"line":31,"column":7}},{"start":{"line":7,"column":6},"end":{"line":31,"column":7}}],"line":7},"2":{"loc":{"start":{"line":10,"column":11},"end":{"line":31,"column":7}},"type":"if","locations":[{"start":{"line":10,"column":11},"end":{"line":31,"column":7}},{"start":{"line":10,"column":11},"end":{"line":31,"column":7}}],"line":10},"3":{"loc":{"start":{"line":15,"column":10},"end":{"line":22,"column":11}},"type":"if","locations":[{"start":{"line":15,"column":10},"end":{"line":22,"column":11}},{"start":{"line":15,"column":10},"end":{"line":22,"column":11}}],"line":15},"4":{"loc":{"start":{"line":16,"column":12},"end":{"line":20,"column":13}},"type":"if","locations":[{"start":{"line":16,"column":12},"end":{"line":20,"column":13}},{"start":{"line":16,"column":12},"end":{"line":20,"column":13}}],"line":16},"5":{"loc":{"start":{"line":35,"column":6},"end":{"line":37,"column":7}},"type":"if","locations":[{"start":{"line":35,"column":6},"end":{"line":37,"column":7}},{"start":{"line":35,"column":6},"end":{"line":37,"column":7}}],"line":35},"6":{"loc":{"start":{"line":43,"column":8},"end":{"line":46,"column":9}},"type":"if","locations":[{"start":{"line":43,"column":8},"end":{"line":46,"column":9}},{"start":{"line":43,"column":8},"end":{"line":46,"column":9}}],"line":43},"7":{"loc":{"start":{"line":43,"column":11},"end":{"line":43,"column":71}},"type":"binary-expr","locations":[{"start":{"line":43,"column":11},"end":{"line":43,"column":41}},{"start":{"line":43,"column":45},"end":{"line":43,"column":71}}],"line":43}},"s":{"0":108,"1":59,"2":32,"3":27,"4":4,"5":23,"6":23,"7":26,"8":4,"9":3,"10":3,"11":3,"12":1,"13":19,"14":22,"15":36,"16":35,"17":28,"18":35,"19":14,"20":14,"21":14,"22":15,"23":13,"24":13,"25":1},"f":{"0":108,"1":22},"b":{"0":[59,35,14],"1":[32,27],"2":[4,23],"3":[4,22],"4":[3,1],"5":[28,7],"6":[13,2],"7":[15,13]},"_coverageSchema":"43e27e138ebf9cfc5966b082cf9a028302ed4184","hash":"063f419929df90a2f600e0684db3fd23dbd15e18"}
,"C:\\Users\\Joel\\Desktop\\learn-redux-zoo-bytesting-master\\src\\ducks\\animals\\actions\\breakOut.js": {"path":"C:\\Users\\Joel\\Desktop\\learn-redux-zoo-bytesting-master\\src\\ducks\\animals\\actions\\breakOut.js","statementMap":{"0":{"start":{"line":1,"column":25},"end":{"line":1,"column":36}},"1":{"start":{"line":3,"column":24},"end":{"line":7,"column":2}},"2":{"start":{"line":3,"column":44},"end":{"line":7,"column":1}}},"fnMap":{"0":{"name":"(anonymous_0)","decl":{"start":{"line":3,"column":24},"end":{"line":3,"column":25}},"loc":{"start":{"line":3,"column":44},"end":{"line":7,"column":1}},"line":3}},"branchMap":{},"s":{"0":4,"1":4,"2":16},"f":{"0":16},"b":{},"_coverageSchema":"43e27e138ebf9cfc5966b082cf9a028302ed4184","hash":"e3a62e28f382456da10d1a02c3cb1f2d9d790aaf"}
,"C:\\Users\\Joel\\Desktop\\learn-redux-zoo-bytesting-master\\src\\ducks\\animals\\actions\\receiveAnimal.js": {"path":"C:\\Users\\Joel\\Desktop\\learn-redux-zoo-bytesting-master\\src\\ducks\\animals\\actions\\receiveAnimal.js","statementMap":{"0":{"start":{"line":1,"column":30},"end":{"line":1,"column":46}},"1":{"start":{"line":3,"column":29},"end":{"line":9,"column":1}},"2":{"start":{"line":4,"column":2},"end":{"line":8,"column":3}}},"fnMap":{"0":{"name":"(anonymous_0)","decl":{"start":{"line":3,"column":29},"end":{"line":3,"column":30}},"loc":{"start":{"line":4,"column":2},"end":{"line":8,"column":3}},"line":4}},"branchMap":{},"s":{"0":4,"1":4,"2":61},"f":{"0":61},"b":{},"_coverageSchema":"43e27e138ebf9cfc5966b082cf9a028302ed4184","hash":"a2ad1a5f9cdeca7c1cd24d5f0ef1e4a0acd6184e"}
,"C:\\Users\\Joel\\Desktop\\learn-redux-zoo-bytesting-master\\src\\ducks\\animals\\selectors\\countPresentAnimals.js": {"path":"C:\\Users\\Joel\\Desktop\\learn-redux-zoo-bytesting-master\\src\\ducks\\animals\\selectors\\countPresentAnimals.js","statementMap":{"0":{"start":{"line":3,"column":14},"end":{"line":3,"column":15}},"1":{"start":{"line":4,"column":2},"end":{"line":8,"column":3}},"2":{"start":{"line":4,"column":14},"end":{"line":4,"column":15}},"3":{"start":{"line":5,"column":4},"end":{"line":7,"column":5}},"4":{"start":{"line":6,"column":6},"end":{"line":6,"column":24}},"5":{"start":{"line":9,"column":2},"end":{"line":9,"column":15}}},"fnMap":{"0":{"name":"countPresentAnimals","decl":{"start":{"line":2,"column":9},"end":{"line":2,"column":28}},"loc":{"start":{"line":2,"column":36},"end":{"line":10,"column":1}},"line":2}},"branchMap":{"0":{"loc":{"start":{"line":5,"column":4},"end":{"line":7,"column":5}},"type":"if","locations":[{"start":{"line":5,"column":4},"end":{"line":7,"column":5}},{"start":{"line":5,"column":4},"end":{"line":7,"column":5}}],"line":5}},"s":{"0":6,"1":6,"2":6,"3":10,"4":9,"5":6},"f":{"0":6},"b":{"0":[9,1]},"_coverageSchema":"43e27e138ebf9cfc5966b082cf9a028302ed4184","hash":"a355f9f23182edd4c753f750c52002ad9a1e00f7"}
,"C:\\Users\\Joel\\Desktop\\learn-redux-zoo-bytesting-master\\src\\ducks\\animals\\selectors\\getAnimals.js": {"path":"C:\\Users\\Joel\\Desktop\\learn-redux-zoo-bytesting-master\\src\\ducks\\animals\\selectors\\getAnimals.js","statementMap":{"0":{"start":{"line":2,"column":2},"end":{"line":2,"column":23}}},"fnMap":{"0":{"name":"getAnimals","decl":{"start":{"line":1,"column":9},"end":{"line":1,"column":19}},"loc":{"start":{"line":1,"column":27},"end":{"line":3,"column":1}},"line":1}},"branchMap":{},"s":{"0":37},"f":{"0":37},"b":{},"_coverageSchema":"43e27e138ebf9cfc5966b082cf9a028302ed4184","hash":"83f854fe97dd0cf15727f63ea483e68398972390"}
,"C:\\Users\\Joel\\Desktop\\learn-redux-zoo-bytesting-master\\src\\ducks\\animals\\selectors\\isPresent.js": {"path":"C:\\Users\\Joel\\Desktop\\learn-redux-zoo-bytesting-master\\src\\ducks\\animals\\selectors\\isPresent.js","statementMap":{"0":{"start":{"line":2,"column":15},"end":{"line":2,"column":20}},"1":{"start":{"line":3,"column":2},"end":{"line":7,"column":3}},"2":{"start":{"line":3,"column":14},"end":{"line":3,"column":15}},"3":{"start":{"line":4,"column":4},"end":{"line":6,"column":5}},"4":{"start":{"line":5,"column":6},"end":{"line":5,"column":20}},"5":{"start":{"line":8,"column":2},"end":{"line":8,"column":15}}},"fnMap":{"0":{"name":"isPresent","decl":{"start":{"line":1,"column":9},"end":{"line":1,"column":18}},"loc":{"start":{"line":1,"column":35},"end":{"line":9,"column":1}},"line":1}},"branchMap":{"0":{"loc":{"start":{"line":4,"column":4},"end":{"line":6,"column":5}},"type":"if","locations":[{"start":{"line":4,"column":4},"end":{"line":6,"column":5}},{"start":{"line":4,"column":4},"end":{"line":6,"column":5}}],"line":4},"1":{"loc":{"start":{"line":4,"column":7},"end":{"line":4,"column":81}},"type":"binary-expr","locations":[{"start":{"line":4,"column":7},"end":{"line":4,"column":44}},{"start":{"line":4,"column":48},"end":{"line":4,"column":81}}],"line":4}},"s":{"0":3,"1":3,"2":3,"3":2,"4":1,"5":3},"f":{"0":3},"b":{"0":[1,1],"1":[2,2]},"_coverageSchema":"43e27e138ebf9cfc5966b082cf9a028302ed4184","hash":"0d281a71be57bf918401799756f851ed0577c7d3"}
,"C:\\Users\\Joel\\Desktop\\learn-redux-zoo-bytesting-master\\src\\ducks\\animals\\selectors\\makeCountAbsentAnimals.js": {"path":"C:\\Users\\Joel\\Desktop\\learn-redux-zoo-bytesting-master\\src\\ducks\\animals\\selectors\\makeCountAbsentAnimals.js","statementMap":{"0":{"start":{"line":6,"column":2},"end":{"line":16,"column":4}},"1":{"start":{"line":9,"column":6},"end":{"line":13,"column":7}},"2":{"start":{"line":9,"column":18},"end":{"line":9,"column":19}},"3":{"start":{"line":10,"column":8},"end":{"line":12,"column":9}},"4":{"start":{"line":11,"column":10},"end":{"line":11,"column":32}},"5":{"start":{"line":14,"column":6},"end":{"line":14,"column":15}}},"fnMap":{"0":{"name":"makeCountAbsentAnimals","decl":{"start":{"line":5,"column":9},"end":{"line":5,"column":31}},"loc":{"start":{"line":5,"column":34},"end":{"line":17,"column":1}},"line":5},"1":{"name":"(anonymous_1)","decl":{"start":{"line":8,"column":4},"end":{"line":8,"column":5}},"loc":{"start":{"line":8,"column":17},"end":{"line":15,"column":5}},"line":8}},"branchMap":{"0":{"loc":{"start":{"line":10,"column":8},"end":{"line":12,"column":9}},"type":"if","locations":[{"start":{"line":10,"column":8},"end":{"line":12,"column":9}},{"start":{"line":10,"column":8},"end":{"line":12,"column":9}}],"line":10}},"s":{"0":7,"1":7,"2":7,"3":8,"4":1,"5":6},"f":{"0":7,"1":7},"b":{"0":[1,7]},"_coverageSchema":"43e27e138ebf9cfc5966b082cf9a028302ed4184","hash":"d84c8908b453aa93fd93fb3ae9005d6da8a9efaf"}
,"C:\\Users\\Joel\\Desktop\\learn-redux-zoo-bytesting-master\\src\\ducks\\animals\\selectors\\makeGetAnimalsName.js": {"path":"C:\\Users\\Joel\\Desktop\\learn-redux-zoo-bytesting-master\\src\\ducks\\animals\\selectors\\makeGetAnimalsName.js","statementMap":{"0":{"start":{"line":5,"column":2},"end":{"line":17,"column":4}},"1":{"start":{"line":8,"column":6},"end":{"line":15,"column":7}},"2":{"start":{"line":8,"column":31},"end":{"line":8,"column":41}},"3":{"start":{"line":10,"column":16},"end":{"line":10,"column":18}},"4":{"start":{"line":11,"column":8},"end":{"line":13,"column":9}},"5":{"start":{"line":11,"column":20},"end":{"line":11,"column":21}},"6":{"start":{"line":12,"column":10},"end":{"line":12,"column":33}},"7":{"start":{"line":14,"column":8},"end":{"line":14,"column":17}}},"fnMap":{"0":{"name":"makeGetAnimalsName","decl":{"start":{"line":4,"column":9},"end":{"line":4,"column":27}},"loc":{"start":{"line":4,"column":30},"end":{"line":18,"column":1}},"line":4},"1":{"name":"(anonymous_1)","decl":{"start":{"line":7,"column":4},"end":{"line":7,"column":5}},"loc":{"start":{"line":7,"column":17},"end":{"line":16,"column":5}},"line":7}},"branchMap":{"0":{"loc":{"start":{"line":8,"column":6},"end":{"line":15,"column":7}},"type":"if","locations":[{"start":{"line":8,"column":6},"end":{"line":15,"column":7}},{"start":{"line":8,"column":6},"end":{"line":15,"column":7}}],"line":8}},"s":{"0":7,"1":7,"2":1,"3":6,"4":6,"5":6,"6":9,"7":6},"f":{"0":7,"1":7},"b":{"0":[1,6]},"_coverageSchema":"43e27e138ebf9cfc5966b082cf9a028302ed4184","hash":"5a6d17ae0349760a85f4d05611e5652e469baee3"}
,"C:\\Users\\Joel\\Desktop\\learn-redux-zoo-bytesting-master\\src\\ducks\\animals\\selectors\\makeGetFilteredAnimalsName.js": {"path":"C:\\Users\\Joel\\Desktop\\learn-redux-zoo-bytesting-master\\src\\ducks\\animals\\selectors\\makeGetFilteredAnimalsName.js","statementMap":{"0":{"start":{"line":6,"column":2},"end":{"line":31,"column":4}},"1":{"start":{"line":10,"column":6},"end":{"line":29,"column":7}},"2":{"start":{"line":10,"column":31},"end":{"line":10,"column":41}},"3":{"start":{"line":12,"column":16},"end":{"line":12,"column":18}},"4":{"start":{"line":13,"column":8},"end":{"line":27,"column":9}},"5":{"start":{"line":13,"column":20},"end":{"line":13,"column":21}},"6":{"start":{"line":14,"column":10},"end":{"line":26,"column":11}},"7":{"start":{"line":15,"column":12},"end":{"line":17,"column":13}},"8":{"start":{"line":16,"column":14},"end":{"line":16,"column":44}},"9":{"start":{"line":19,"column":15},"end":{"line":26,"column":11}},"10":{"start":{"line":20,"column":12},"end":{"line":22,"column":13}},"11":{"start":{"line":21,"column":14},"end":{"line":21,"column":44}},"12":{"start":{"line":25,"column":12},"end":{"line":25,"column":35}},"13":{"start":{"line":28,"column":8},"end":{"line":28,"column":17}}},"fnMap":{"0":{"name":"makeGetFilteredAnimalsName","decl":{"start":{"line":5,"column":9},"end":{"line":5,"column":35}},"loc":{"start":{"line":5,"column":38},"end":{"line":32,"column":1}},"line":5},"1":{"name":"(anonymous_1)","decl":{"start":{"line":9,"column":4},"end":{"line":9,"column":5}},"loc":{"start":{"line":9,"column":33},"end":{"line":30,"column":5}},"line":9}},"branchMap":{"0":{"loc":{"start":{"line":10,"column":6},"end":{"line":29,"column":7}},"type":"if","locations":[{"start":{"line":10,"column":6},"end":{"line":29,"column":7}},{"start":{"line":10,"column":6},"end":{"line":29,"column":7}}],"line":10},"1":{"loc":{"start":{"line":14,"column":10},"end":{"line":26,"column":11}},"type":"if","locations":[{"start":{"line":14,"column":10},"end":{"line":26,"column":11}},{"start":{"line":14,"column":10},"end":{"line":26,"column":11}}],"line":14},"2":{"loc":{"start":{"line":15,"column":12},"end":{"line":17,"column":13}},"type":"if","locations":[{"start":{"line":15,"column":12},"end":{"line":17,"column":13}},{"start":{"line":15,"column":12},"end":{"line":17,"column":13}}],"line":15},"3":{"loc":{"start":{"line":19,"column":15},"end":{"line":26,"column":11}},"type":"if","locations":[{"start":{"line":19,"column":15},"end":{"line":26,"column":11}},{"start":{"line":19,"column":15},"end":{"line":26,"column":11}}],"line":19},"4":{"loc":{"start":{"line":20,"column":12},"end":{"line":22,"column":13}},"type":"if","locations":[{"start":{"line":20,"column":12},"end":{"line":22,"column":13}},{"start":{"line":20,"column":12},"end":{"line":22,"column":13}}],"line":20}},"s":{"0":8,"1":8,"2":1,"3":7,"4":7,"5":7,"6":11,"7":2,"8":1,"9":9,"10":2,"11":1,"12":7,"13":7},"f":{"0":8,"1":8},"b":{"0":[1,7],"1":[2,9],"2":[1,1],"3":[2,7],"4":[1,1]},"_coverageSchema":"43e27e138ebf9cfc5966b082cf9a028302ed4184","hash":"bf51bd5dc88eb189c33debf7957e01150b202f08"}
,"C:\\Users\\Joel\\Desktop\\learn-redux-zoo-bytesting-master\\src\\ducks\\animals\\selectors\\makeIsAbsent.js": {"path":"C:\\Users\\Joel\\Desktop\\learn-redux-zoo-bytesting-master\\src\\ducks\\animals\\selectors\\makeIsAbsent.js","statementMap":{"0":{"start":{"line":5,"column":2},"end":{"line":16,"column":4}},"1":{"start":{"line":9,"column":6},"end":{"line":13,"column":7}},"2":{"start":{"line":9,"column":18},"end":{"line":9,"column":19}},"3":{"start":{"line":10,"column":8},"end":{"line":12,"column":9}},"4":{"start":{"line":11,"column":10},"end":{"line":11,"column":22}},"5":{"start":{"line":14,"column":6},"end":{"line":14,"column":19}},"6":{"start":{"line":18,"column":31},"end":{"line":18,"column":43}}},"fnMap":{"0":{"name":"isAbsent","decl":{"start":{"line":4,"column":9},"end":{"line":4,"column":17}},"loc":{"start":{"line":4,"column":20},"end":{"line":17,"column":1}},"line":4},"1":{"name":"(anonymous_1)","decl":{"start":{"line":8,"column":4},"end":{"line":8,"column":5}},"loc":{"start":{"line":8,"column":23},"end":{"line":15,"column":5}},"line":8},"2":{"name":"getName","decl":{"start":{"line":18,"column":9},"end":{"line":18,"column":16}},"loc":{"start":{"line":18,"column":30},"end":{"line":18,"column":44}},"line":18}},"branchMap":{"0":{"loc":{"start":{"line":10,"column":8},"end":{"line":12,"column":9}},"type":"if","locations":[{"start":{"line":10,"column":8},"end":{"line":12,"column":9}},{"start":{"line":10,"column":8},"end":{"line":12,"column":9}}],"line":10},"1":{"loc":{"start":{"line":10,"column":11},"end":{"line":10,"column":66}},"type":"binary-expr","locations":[{"start":{"line":10,"column":11},"end":{"line":10,"column":35}},{"start":{"line":10,"column":39},"end":{"line":10,"column":66}}],"line":10}},"s":{"0":8,"1":9,"2":9,"3":5,"4":4,"5":5,"6":11},"f":{"0":8,"1":9,"2":11},"b":{"0":[4,1],"1":[5,5]},"_coverageSchema":"43e27e138ebf9cfc5966b082cf9a028302ed4184","hash":"8253b4715a234e8b165f4eb92d0386073ec2f68f"}
,"C:\\Users\\Joel\\Desktop\\learn-redux-zoo-bytesting-master\\src\\ducks\\name\\index.js": {"path":"C:\\Users\\Joel\\Desktop\\learn-redux-zoo-bytesting-master\\src\\ducks\\name\\index.js","statementMap":{"0":{"start":{"line":4,"column":2},"end":{"line":9,"column":3}},"1":{"start":{"line":6,"column":6},"end":{"line":6,"column":27}},"2":{"start":{"line":8,"column":6},"end":{"line":8,"column":19}}},"fnMap":{"0":{"name":"reduceName","decl":{"start":{"line":3,"column":9},"end":{"line":3,"column":19}},"loc":{"start":{"line":3,"column":47},"end":{"line":10,"column":1}},"line":3}},"branchMap":{"0":{"loc":{"start":{"line":3,"column":20},"end":{"line":3,"column":37}},"type":"default-arg","locations":[{"start":{"line":3,"column":28},"end":{"line":3,"column":37}}],"line":3},"1":{"loc":{"start":{"line":4,"column":2},"end":{"line":9,"column":3}},"type":"switch","locations":[{"start":{"line":5,"column":4},"end":{"line":6,"column":27}},{"start":{"line":7,"column":4},"end":{"line":8,"column":19}}],"line":4}},"s":{"0":84,"1":6,"2":78},"f":{"0":84},"b":{"0":[53],"1":[6,78]},"_coverageSchema":"43e27e138ebf9cfc5966b082cf9a028302ed4184","hash":"fbd6b2d5bb0cfeeb301df9f5da0873179cbe8195"}
,"C:\\Users\\Joel\\Desktop\\learn-redux-zoo-bytesting-master\\src\\ducks\\name\\actions\\setName.js": {"path":"C:\\Users\\Joel\\Desktop\\learn-redux-zoo-bytesting-master\\src\\ducks\\name\\actions\\setName.js","statementMap":{"0":{"start":{"line":1,"column":24},"end":{"line":1,"column":34}},"1":{"start":{"line":3,"column":23},"end":{"line":7,"column":2}},"2":{"start":{"line":3,"column":34},"end":{"line":7,"column":1}}},"fnMap":{"0":{"name":"(anonymous_0)","decl":{"start":{"line":3,"column":23},"end":{"line":3,"column":24}},"loc":{"start":{"line":3,"column":34},"end":{"line":7,"column":1}},"line":3}},"branchMap":{},"s":{"0":4,"1":4,"2":8},"f":{"0":8},"b":{},"_coverageSchema":"43e27e138ebf9cfc5966b082cf9a028302ed4184","hash":"958f90b88288be531585b5ef03fdf1a5c1c28664"}
,"C:\\Users\\Joel\\Desktop\\learn-redux-zoo-bytesting-master\\src\\ducks\\name\\selectors\\getName.js": {"path":"C:\\Users\\Joel\\Desktop\\learn-redux-zoo-bytesting-master\\src\\ducks\\name\\selectors\\getName.js","statementMap":{"0":{"start":{"line":2,"column":2},"end":{"line":2,"column":20}}},"fnMap":{"0":{"name":"getName","decl":{"start":{"line":1,"column":9},"end":{"line":1,"column":16}},"loc":{"start":{"line":1,"column":24},"end":{"line":3,"column":1}},"line":1}},"branchMap":{},"s":{"0":1},"f":{"0":1},"b":{},"_coverageSchema":"43e27e138ebf9cfc5966b082cf9a028302ed4184","hash":"8c0152b815270a2d33633668f59f0bbe13126b6d"}
,"C:\\Users\\Joel\\Desktop\\learn-redux-zoo-bytesting-master\\src\\ducks\\presenceFilter\\index.js": {"path":"C:\\Users\\Joel\\Desktop\\learn-redux-zoo-bytesting-master\\src\\ducks\\presenceFilter\\index.js","statementMap":{"0":{"start":{"line":4,"column":2},"end":{"line":9,"column":3}},"1":{"start":{"line":6,"column":6},"end":{"line":6,"column":28}},"2":{"start":{"line":8,"column":6},"end":{"line":8,"column":19}}},"fnMap":{"0":{"name":"reducePresenceFilter","decl":{"start":{"line":3,"column":9},"end":{"line":3,"column":29}},"loc":{"start":{"line":3,"column":53},"end":{"line":10,"column":1}},"line":3}},"branchMap":{"0":{"loc":{"start":{"line":3,"column":30},"end":{"line":3,"column":43}},"type":"default-arg","locations":[{"start":{"line":3,"column":38},"end":{"line":3,"column":43}}],"line":3},"1":{"loc":{"start":{"line":4,"column":2},"end":{"line":9,"column":3}},"type":"switch","locations":[{"start":{"line":5,"column":4},"end":{"line":6,"column":28}},{"start":{"line":7,"column":4},"end":{"line":8,"column":19}}],"line":4}},"s":{"0":85,"1":4,"2":81},"f":{"0":85},"b":{"0":[52],"1":[4,81]},"_coverageSchema":"43e27e138ebf9cfc5966b082cf9a028302ed4184","hash":"723f2cd1f7e480ba5d1cca636824ee87451735b8"}
,"C:\\Users\\Joel\\Desktop\\learn-redux-zoo-bytesting-master\\src\\ducks\\presenceFilter\\actions\\setPresenceFilter.js": {"path":"C:\\Users\\Joel\\Desktop\\learn-redux-zoo-bytesting-master\\src\\ducks\\presenceFilter\\actions\\setPresenceFilter.js","statementMap":{"0":{"start":{"line":1,"column":35},"end":{"line":1,"column":56}},"1":{"start":{"line":3,"column":33},"end":{"line":6,"column":2}},"2":{"start":{"line":3,"column":46},"end":{"line":6,"column":1}}},"fnMap":{"0":{"name":"(anonymous_0)","decl":{"start":{"line":3,"column":33},"end":{"line":3,"column":34}},"loc":{"start":{"line":3,"column":46},"end":{"line":6,"column":1}},"line":3}},"branchMap":{},"s":{"0":4,"1":4,"2":6},"f":{"0":6},"b":{},"_coverageSchema":"43e27e138ebf9cfc5966b082cf9a028302ed4184","hash":"bf5d19598ae9ce7bfb35531d0b4d841ccd0e7912"}
,"C:\\Users\\Joel\\Desktop\\learn-redux-zoo-bytesting-master\\src\\ducks\\presenceFilter\\selectors\\getPresenceFilter.js": {"path":"C:\\Users\\Joel\\Desktop\\learn-redux-zoo-bytesting-master\\src\\ducks\\presenceFilter\\selectors\\getPresenceFilter.js","statementMap":{"0":{"start":{"line":1,"column":26},"end":{"line":1,"column":46}}},"fnMap":{"0":{"name":"(anonymous_0)","decl":{"start":{"line":1,"column":15},"end":{"line":1,"column":16}},"loc":{"start":{"line":1,"column":26},"end":{"line":1,"column":46}},"line":1}},"branchMap":{},"s":{"0":10},"f":{"0":10},"b":{},"_coverageSchema":"43e27e138ebf9cfc5966b082cf9a028302ed4184","hash":"5fbbbad30b1f9f3f6d5d9ad9d8f812cfd37bc899"}
}
