TN:
SF:C:\Users\Joel\Desktop\learn-redux-zoo-bytesting-master\src\ducks\index.js
FNF:0
FNH:0
DA:7,4
LF:1
LH:1
BRF:0
BRH:0
end_of_record
TN:
SF:C:\Users\Joel\Desktop\learn-redux-zoo-bytesting-master\src\ducks\animals\index.js
FN:4,reduceAnimals
FN:25,(anonymous_1)
FNF:2
FNH:2
FNDA:108,reduceAnimals
FNDA:22,(anonymous_1)
DA:5,108
DA:7,59
DA:8,32
DA:10,27
DA:11,4
DA:14,23
DA:15,26
DA:16,4
DA:17,3
DA:18,3
DA:19,3
DA:21,1
DA:24,19
DA:25,22
DA:32,36
DA:35,35
DA:36,28
DA:38,35
DA:41,14
DA:42,14
DA:43,15
DA:44,13
DA:45,13
DA:48,1
LF:24
LH:24
BRDA:5,0,0,59
BRDA:5,0,1,35
BRDA:5,0,2,14
BRDA:7,1,0,32
BRDA:7,1,1,27
BRDA:10,2,0,4
BRDA:10,2,1,23
BRDA:15,3,0,4
BRDA:15,3,1,22
BRDA:16,4,0,3
BRDA:16,4,1,1
BRDA:35,5,0,28
BRDA:35,5,1,7
BRDA:43,6,0,13
BRDA:43,6,1,2
BRDA:43,7,0,15
BRDA:43,7,1,13
BRF:17
BRH:17
end_of_record
TN:
SF:C:\Users\Joel\Desktop\learn-redux-zoo-bytesting-master\src\ducks\animals\actions\breakOut.js
FN:3,(anonymous_0)
FNF:1
FNH:1
FNDA:16,(anonymous_0)
DA:1,4
DA:3,16
LF:2
LH:2
BRF:0
BRH:0
end_of_record
TN:
SF:C:\Users\Joel\Desktop\learn-redux-zoo-bytesting-master\src\ducks\animals\actions\receiveAnimal.js
FN:3,(anonymous_0)
FNF:1
FNH:1
FNDA:61,(anonymous_0)
DA:1,4
DA:3,4
DA:4,61
LF:3
LH:3
BRF:0
BRH:0
end_of_record
TN:
SF:C:\Users\Joel\Desktop\learn-redux-zoo-bytesting-master\src\ducks\animals\selectors\countPresentAnimals.js
FN:2,countPresentAnimals
FNF:1
FNH:1
FNDA:6,countPresentAnimals
DA:3,6
DA:4,6
DA:5,10
DA:6,9
DA:9,6
LF:5
LH:5
BRDA:5,0,0,9
BRDA:5,0,1,1
BRF:2
BRH:2
end_of_record
TN:
SF:C:\Users\Joel\Desktop\learn-redux-zoo-bytesting-master\src\ducks\animals\selectors\getAnimals.js
FN:1,getAnimals
FNF:1
FNH:1
FNDA:37,getAnimals
DA:2,37
LF:1
LH:1
BRF:0
BRH:0
end_of_record
TN:
SF:C:\Users\Joel\Desktop\learn-redux-zoo-bytesting-master\src\ducks\animals\selectors\isPresent.js
FN:1,isPresent
FNF:1
FNH:1
FNDA:3,isPresent
DA:2,3
DA:3,3
DA:4,2
DA:5,1
DA:8,3
LF:5
LH:5
BRDA:4,0,0,1
BRDA:4,0,1,1
BRDA:4,1,0,2
BRDA:4,1,1,2
BRF:4
BRH:4
end_of_record
TN:
SF:C:\Users\Joel\Desktop\learn-redux-zoo-bytesting-master\src\ducks\animals\selectors\makeCountAbsentAnimals.js
FN:5,makeCountAbsentAnimals
FN:8,(anonymous_1)
FNF:2
FNH:2
FNDA:7,makeCountAbsentAnimals
FNDA:7,(anonymous_1)
DA:6,7
DA:9,7
DA:10,8
DA:11,1
DA:14,6
LF:5
LH:5
BRDA:10,0,0,1
BRDA:10,0,1,7
BRF:2
BRH:2
end_of_record
TN:
SF:C:\Users\Joel\Desktop\learn-redux-zoo-bytesting-master\src\ducks\animals\selectors\makeGetAnimalsName.js
FN:4,makeGetAnimalsName
FN:7,(anonymous_1)
FNF:2
FNH:2
FNDA:7,makeGetAnimalsName
FNDA:7,(anonymous_1)
DA:5,7
DA:8,7
DA:10,6
DA:11,6
DA:12,9
DA:14,6
LF:6
LH:6
BRDA:8,0,0,1
BRDA:8,0,1,6
BRF:2
BRH:2
end_of_record
TN:
SF:C:\Users\Joel\Desktop\learn-redux-zoo-bytesting-master\src\ducks\animals\selectors\makeGetFilteredAnimalsName.js
FN:5,makeGetFilteredAnimalsName
FN:9,(anonymous_1)
FNF:2
FNH:2
FNDA:8,makeGetFilteredAnimalsName
FNDA:8,(anonymous_1)
DA:6,8
DA:10,8
DA:12,7
DA:13,7
DA:14,11
DA:15,2
DA:16,1
DA:19,9
DA:20,2
DA:21,1
DA:25,7
DA:28,7
LF:12
LH:12
BRDA:10,0,0,1
BRDA:10,0,1,7
BRDA:14,1,0,2
BRDA:14,1,1,9
BRDA:15,2,0,1
BRDA:15,2,1,1
BRDA:19,3,0,2
BRDA:19,3,1,7
BRDA:20,4,0,1
BRDA:20,4,1,1
BRF:10
BRH:10
end_of_record
TN:
SF:C:\Users\Joel\Desktop\learn-redux-zoo-bytesting-master\src\ducks\animals\selectors\makeIsAbsent.js
FN:4,isAbsent
FN:8,(anonymous_1)
FN:18,getName
FNF:3
FNH:3
FNDA:8,isAbsent
FNDA:9,(anonymous_1)
FNDA:11,getName
DA:5,8
DA:9,9
DA:10,5
DA:11,4
DA:14,5
DA:18,11
LF:6
LH:6
BRDA:10,0,0,4
BRDA:10,0,1,1
BRDA:10,1,0,5
BRDA:10,1,1,5
BRF:4
BRH:4
end_of_record
TN:
SF:C:\Users\Joel\Desktop\learn-redux-zoo-bytesting-master\src\ducks\name\index.js
FN:3,reduceName
FNF:1
FNH:1
FNDA:84,reduceName
DA:4,84
DA:6,6
DA:8,78
LF:3
LH:3
BRDA:3,0,0,53
BRDA:4,1,0,6
BRDA:4,1,1,78
BRF:3
BRH:3
end_of_record
TN:
SF:C:\Users\Joel\Desktop\learn-redux-zoo-bytesting-master\src\ducks\name\actions\setName.js
FN:3,(anonymous_0)
FNF:1
FNH:1
FNDA:8,(anonymous_0)
DA:1,4
DA:3,8
LF:2
LH:2
BRF:0
BRH:0
end_of_record
TN:
SF:C:\Users\Joel\Desktop\learn-redux-zoo-bytesting-master\src\ducks\name\selectors\getName.js
FN:1,getName
FNF:1
FNH:1
FNDA:1,getName
DA:2,1
LF:1
LH:1
BRF:0
BRH:0
end_of_record
TN:
SF:C:\Users\Joel\Desktop\learn-redux-zoo-bytesting-master\src\ducks\presenceFilter\index.js
FN:3,reducePresenceFilter
FNF:1
FNH:1
FNDA:85,reducePresenceFilter
DA:4,85
DA:6,4
DA:8,81
LF:3
LH:3
BRDA:3,0,0,52
BRDA:4,1,0,4
BRDA:4,1,1,81
BRF:3
BRH:3
end_of_record
TN:
SF:C:\Users\Joel\Desktop\learn-redux-zoo-bytesting-master\src\ducks\presenceFilter\actions\setPresenceFilter.js
FN:3,(anonymous_0)
FNF:1
FNH:1
FNDA:6,(anonymous_0)
DA:1,4
DA:3,6
LF:2
LH:2
BRF:0
BRH:0
end_of_record
TN:
SF:C:\Users\Joel\Desktop\learn-redux-zoo-bytesting-master\src\ducks\presenceFilter\selectors\getPresenceFilter.js
FN:1,(anonymous_0)
FNF:1
FNH:1
FNDA:10,(anonymous_0)
DA:1,10
LF:1
LH:1
BRF:0
BRH:0
end_of_record
